#! /c/Source/iverilog-install/bin/vvp
:ivl_version "12.0 (devel)" "(s20150603-1539-g2693dd32b)";
:ivl_delay_selection "TYPICAL";
:vpi_time_precision + 0;
:vpi_module "C:\iverilog\lib\ivl\system.vpi";
:vpi_module "C:\iverilog\lib\ivl\vhdl_sys.vpi";
:vpi_module "C:\iverilog\lib\ivl\vhdl_textio.vpi";
:vpi_module "C:\iverilog\lib\ivl\v2005_math.vpi";
:vpi_module "C:\iverilog\lib\ivl\va_math.vpi";
S_0000025d137e63d0 .scope module, "full_adder" "full_adder" 2 1;
 .timescale 0 0;
    .port_info 0 /INPUT 1 "a";
    .port_info 1 /INPUT 1 "b";
    .port_info 2 /INPUT 1 "Cin";
    .port_info 3 /OUTPUT 1 "sum";
    .port_info 4 /OUTPUT 1 "carry";
o0000025d13837098 .functor BUFZ 1, C4<z>; HiZ drive
o0000025d138370c8 .functor BUFZ 1, C4<z>; HiZ drive
L_0000025d137ea050 .functor XOR 1, o0000025d13837098, o0000025d138370c8, C4<0>, C4<0>;
o0000025d13836fa8 .functor BUFZ 1, C4<z>; HiZ drive
L_0000025d137e6d10 .functor XOR 1, L_0000025d137ea050, o0000025d13836fa8, C4<0>, C4<0>;
L_0000025d137ee8d0 .functor AND 1, o0000025d13837098, o0000025d138370c8, C4<1>, C4<1>;
L_0000025d137ee940 .functor XOR 1, o0000025d13837098, o0000025d138370c8, C4<0>, C4<0>;
L_0000025d137ee9b0 .functor AND 1, L_0000025d137ee940, o0000025d13836fa8, C4<1>, C4<1>;
L_0000025d137eea20 .functor OR 1, L_0000025d137ee8d0, L_0000025d137ee9b0, C4<0>, C4<0>;
v0000025d137e9fb0_0 .net "Cin", 0 0, o0000025d13836fa8;  0 drivers
v0000025d137e6560_0 .net *"_ivl_0", 0 0, L_0000025d137ea050;  1 drivers
v0000025d137e6600_0 .net *"_ivl_4", 0 0, L_0000025d137ee8d0;  1 drivers
v0000025d137e66a0_0 .net *"_ivl_6", 0 0, L_0000025d137ee940;  1 drivers
v0000025d137e6740_0 .net *"_ivl_8", 0 0, L_0000025d137ee9b0;  1 drivers
v0000025d137e67e0_0 .net "a", 0 0, o0000025d13837098;  0 drivers
v0000025d137ee660_0 .net "b", 0 0, o0000025d138370c8;  0 drivers
v0000025d137ee700_0 .net "carry", 0 0, L_0000025d137eea20;  1 drivers
v0000025d137ee7a0_0 .net "sum", 0 0, L_0000025d137e6d10;  1 drivers
# The file index is used to find the file name in the following table.
:file_names 3;
    "N/A";
    "<interactive>";
    "full_adder.v";
